TN:
SF:src/db.ts
FN:6,(anonymous_7)
FN:6,(anonymous_8)
FNF:2
FNH:2
FNDA:2,(anonymous_7)
FNDA:2,(anonymous_8)
DA:4,2
DA:6,2
DA:8,2
DA:12,2
DA:13,0
DA:18,2
DA:19,2
DA:20,2
DA:23,2
DA:25,0
DA:26,0
LF:11
LH:8
BRDA:8,0,0,2
BRDA:8,0,1,0
BRDA:12,1,0,0
BRDA:21,2,0,2
BRDA:21,2,1,0
BRF:5
BRH:2
end_of_record
TN:
SF:src/config/generos.ts
FNF:0
FNH:0
DA:1,2
LF:1
LH:1
BRF:0
BRH:0
end_of_record
TN:
SF:src/controllers/auth.controller.ts
FN:9,(anonymous_7)
FN:9,(anonymous_8)
FN:40,(anonymous_9)
FN:40,(anonymous_10)
FNF:4
FNH:2
FNDA:1,(anonymous_7)
FNDA:1,(anonymous_8)
FNDA:0,(anonymous_9)
FNDA:0,(anonymous_10)
DA:6,2
DA:9,2
DA:10,1
DA:11,1
DA:13,1
DA:19,1
DA:21,1
DA:25,1
DA:27,0
DA:28,0
DA:31,0
DA:35,0
DA:40,2
DA:41,0
DA:42,0
DA:44,0
DA:45,0
DA:47,0
DA:48,0
DA:50,0
DA:54,0
DA:65,0
LF:22
LH:9
BRDA:6,0,0,2
BRDA:6,0,1,0
BRDA:27,1,0,0
BRDA:27,1,1,0
BRDA:45,2,0,0
BRDA:48,3,0,0
BRF:6
BRH:1
end_of_record
TN:
SF:src/controllers/book.controller.ts
FN:5,(anonymous_7)
FN:5,(anonymous_8)
FN:18,(anonymous_9)
FN:18,(anonymous_10)
FN:28,(anonymous_11)
FN:28,(anonymous_12)
FN:40,(anonymous_13)
FN:40,(anonymous_14)
FN:57,(anonymous_15)
FN:57,(anonymous_16)
FNF:10
FNH:10
FNDA:7,(anonymous_7)
FNDA:7,(anonymous_8)
FNDA:2,(anonymous_9)
FNDA:2,(anonymous_10)
FNDA:3,(anonymous_11)
FNDA:3,(anonymous_12)
FNDA:3,(anonymous_13)
FNDA:3,(anonymous_14)
FNDA:3,(anonymous_15)
FNDA:3,(anonymous_16)
DA:5,7
DA:6,7
DA:7,7
DA:8,7
DA:9,5
DA:13,2
DA:18,2
DA:19,2
DA:20,2
DA:21,1
DA:23,1
DA:28,3
DA:29,3
DA:30,3
DA:31,3
DA:32,2
DA:33,1
DA:35,1
DA:40,3
DA:41,3
DA:42,3
DA:43,3
DA:47,2
DA:48,1
DA:52,1
DA:57,3
DA:58,3
DA:59,3
DA:60,3
DA:61,2
DA:62,1
DA:66,1
LF:32
LH:32
BRDA:32,0,0,1
BRDA:47,1,0,1
BRDA:61,2,0,1
BRF:3
BRH:3
end_of_record
TN:
SF:src/controllers/user.controller.ts
FN:5,(anonymous_7)
FN:5,(anonymous_8)
FN:15,(anonymous_9)
FN:15,(anonymous_10)
FN:27,(anonymous_11)
FN:27,(anonymous_12)
FN:42,(anonymous_13)
FN:42,(anonymous_14)
FNF:8
FNH:0
FNDA:0,(anonymous_7)
FNDA:0,(anonymous_8)
FNDA:0,(anonymous_9)
FNDA:0,(anonymous_10)
FNDA:0,(anonymous_11)
FNDA:0,(anonymous_12)
FNDA:0,(anonymous_13)
FNDA:0,(anonymous_14)
DA:5,2
DA:6,0
DA:7,0
DA:8,0
DA:10,0
DA:15,2
DA:16,0
DA:17,0
DA:18,0
DA:19,0
DA:20,0
DA:22,0
DA:27,2
DA:28,0
DA:29,0
DA:30,0
DA:34,0
DA:35,0
DA:37,0
DA:42,2
DA:43,0
DA:44,0
DA:45,0
DA:46,0
DA:47,0
DA:49,0
LF:26
LH:4
BRDA:19,0,0,0
BRDA:34,1,0,0
BRDA:46,2,0,0
BRF:3
BRH:0
end_of_record
TN:
SF:src/controllers/userBook.controller.ts
FN:5,(anonymous_7)
FN:5,(anonymous_8)
FN:25,(anonymous_9)
FN:25,(anonymous_10)
FN:65,(anonymous_11)
FN:65,(anonymous_12)
FN:86,(anonymous_13)
FN:86,(anonymous_14)
FN:112,(anonymous_15)
FN:112,(anonymous_16)
FN:133,(anonymous_17)
FN:133,(anonymous_18)
FN:158,(anonymous_19)
FN:158,(anonymous_20)
FN:170,(anonymous_21)
FN:170,(anonymous_22)
FN:189,(anonymous_23)
FN:189,(anonymous_24)
FNF:18
FNH:0
FNDA:0,(anonymous_7)
FNDA:0,(anonymous_8)
FNDA:0,(anonymous_9)
FNDA:0,(anonymous_10)
FNDA:0,(anonymous_11)
FNDA:0,(anonymous_12)
FNDA:0,(anonymous_13)
FNDA:0,(anonymous_14)
FNDA:0,(anonymous_15)
FNDA:0,(anonymous_16)
FNDA:0,(anonymous_17)
FNDA:0,(anonymous_18)
FNDA:0,(anonymous_19)
FNDA:0,(anonymous_20)
FNDA:0,(anonymous_21)
FNDA:0,(anonymous_22)
FNDA:0,(anonymous_23)
FNDA:0,(anonymous_24)
DA:5,2
DA:6,0
DA:7,0
DA:9,0
DA:10,0
DA:11,0
DA:16,0
DA:17,0
DA:18,0
DA:20,0
DA:25,2
DA:26,0
DA:27,0
DA:30,0
DA:31,0
DA:36,0
DA:37,0
DA:43,0
DA:46,0
DA:52,0
DA:53,0
DA:56,0
DA:58,0
DA:59,0
DA:65,2
DA:66,0
DA:67,0
DA:69,0
DA:75,0
DA:76,0
DA:79,0
DA:81,0
DA:86,2
DA:87,0
DA:88,0
DA:90,0
DA:91,0
DA:94,0
DA:100,0
DA:101,0
DA:104,0
DA:106,0
DA:112,2
DA:113,0
DA:114,0
DA:116,0
DA:122,0
DA:123,0
DA:126,0
DA:128,0
DA:133,2
DA:134,0
DA:135,0
DA:137,0
DA:138,0
DA:141,0
DA:147,0
DA:148,0
DA:151,0
DA:153,0
DA:158,2
DA:159,0
DA:160,0
DA:162,0
DA:163,0
DA:165,0
DA:170,2
DA:171,0
DA:172,0
DA:174,0
DA:178,0
DA:179,0
DA:182,0
DA:184,0
DA:189,2
DA:190,0
DA:191,0
DA:193,0
DA:195,0
DA:196,0
DA:199,0
DA:201,0
LF:82
LH:9
BRDA:10,0,0,0
BRDA:30,1,0,0
BRDA:30,2,0,0
BRDA:30,2,1,0
BRDA:30,2,2,0
BRDA:30,2,3,0
BRDA:36,3,0,0
BRDA:36,4,0,0
BRDA:36,4,1,0
BRDA:43,5,0,0
BRDA:43,5,1,0
BRDA:52,6,0,0
BRDA:75,7,0,0
BRDA:90,8,0,0
BRDA:90,9,0,0
BRDA:90,9,1,0
BRDA:100,10,0,0
BRDA:122,11,0,0
BRDA:137,12,0,0
BRDA:137,13,0,0
BRDA:137,13,1,0
BRDA:147,14,0,0
BRDA:178,15,0,0
BRDA:195,16,0,0
BRF:24
BRH:0
end_of_record
TN:
SF:src/middlewares/auth.middleware.ts
FN:12,(anonymous_0)
FNF:1
FNH:1
FNDA:18,(anonymous_0)
DA:4,2
DA:12,2
DA:17,18
DA:19,18
DA:20,0
DA:23,18
DA:24,18
DA:25,18
DA:26,18
DA:28,0
LF:10
LH:8
BRDA:4,0,0,2
BRDA:4,0,1,0
BRDA:17,1,0,0
BRDA:17,1,1,18
BRDA:17,2,0,18
BRDA:17,2,1,18
BRDA:19,3,0,0
BRF:7
BRH:4
end_of_record
TN:
SF:src/middlewares/errorHandler.ts
FN:3,(anonymous_0)
FNF:1
FNH:0
FNDA:0,(anonymous_0)
DA:3,2
DA:9,0
DA:10,0
LF:3
LH:1
BRDA:10,0,0,0
BRDA:10,0,1,0
BRF:2
BRH:0
end_of_record
TN:
SF:src/middlewares/validateRequest.middleware.ts
FN:4,(anonymous_0)
FNF:1
FNH:1
FNDA:1,(anonymous_0)
DA:4,2
DA:9,1
DA:10,1
DA:11,0
DA:13,1
LF:5
LH:4
BRDA:10,0,0,0
BRF:1
BRH:0
end_of_record
TN:
SF:src/models/UserBook.ts
FNF:0
FNH:0
DA:12,2
DA:51,2
DA:53,2
LF:3
LH:3
BRF:0
BRH:0
end_of_record
TN:
SF:src/models/book.ts
FN:52,(anonymous_0)
FNF:1
FNH:1
FNDA:6,(anonymous_0)
DA:14,2
DA:53,6
DA:59,1
DA:67,2
DA:69,2
LF:5
LH:5
BRDA:53,0,0,1
BRF:1
BRH:1
end_of_record
TN:
SF:src/models/progress.ts
FNF:0
FNH:0
DA:11,0
LF:1
LH:0
BRF:0
BRH:0
end_of_record
TN:
SF:src/models/user.ts
FN:31,(anonymous_7)
FN:40,(anonymous_8)
FN:45,(anonymous_9)
FN:65,(anonymous_10)
FN:72,(anonymous_12)
FNF:5
FNH:4
FNDA:1,(anonymous_7)
FNDA:1,(anonymous_8)
FNDA:1,(anonymous_9)
FNDA:1,(anonymous_10)
FNDA:0,(anonymous_12)
DA:14,2
DA:32,1
DA:33,0
DA:41,1
DA:42,0
DA:45,1
DA:46,1
DA:47,0
DA:63,2
DA:65,2
DA:66,1
DA:67,1
DA:68,1
DA:69,1
DA:72,2
DA:75,0
DA:78,2
LF:17
LH:13
BRDA:32,0,0,0
BRDA:41,1,0,0
BRDA:46,2,0,0
BRDA:66,3,0,0
BRF:4
BRH:0
end_of_record
TN:
SF:src/routers/auth.routes.ts
FNF:0
FNH:0
DA:6,2
DA:8,2
DA:25,2
LF:3
LH:3
BRF:0
BRH:0
end_of_record
TN:
SF:src/routers/book.routes.ts
FNF:0
FNH:0
DA:11,2
DA:14,2
DA:16,2
DA:18,2
DA:20,2
DA:22,2
LF:6
LH:6
BRF:0
BRH:0
end_of_record
TN:
SF:src/routers/genres.routes.ts
FN:8,(anonymous_0)
FNF:1
FNH:0
FNDA:0,(anonymous_0)
DA:4,2
DA:6,2
DA:8,2
DA:9,0
LF:4
LH:3
BRF:0
BRH:0
end_of_record
TN:
SF:src/routers/user.routes.ts
FNF:0
FNH:0
DA:10,2
DA:13,2
DA:15,2
DA:17,2
DA:19,2
LF:5
LH:5
BRF:0
BRH:0
end_of_record
TN:
SF:src/routers/userBooks.routes.ts
FNF:0
FNH:0
DA:15,2
DA:18,2
DA:20,2
DA:22,2
DA:24,2
DA:26,2
DA:28,2
DA:30,2
DA:32,2
DA:34,2
LF:10
LH:10
BRF:0
BRH:0
end_of_record
