TN:
SF:src/db.ts
FN:23,(anonymous_7)
FN:23,(anonymous_8)
FNF:2
FNH:2
FNDA:1,(anonymous_7)
FNDA:1,(anonymous_8)
DA:4,1
DA:23,1
DA:25,1
DA:29,1
DA:30,0
DA:35,1
DA:36,1
DA:37,1
DA:40,1
DA:42,0
DA:43,0
LF:11
LH:8
BRDA:25,0,0,1
BRDA:25,0,1,0
BRDA:29,1,0,0
BRDA:38,2,0,1
BRDA:38,2,1,0
BRF:5
BRH:2
end_of_record
TN:
SF:src/config/generos.ts
FNF:0
FNH:0
DA:1,1
LF:1
LH:1
BRF:0
BRH:0
end_of_record
TN:
SF:src/controllers/auth.controller.ts
FN:9,(anonymous_7)
FN:9,(anonymous_8)
FN:42,(anonymous_9)
FN:42,(anonymous_10)
FNF:4
FNH:2
FNDA:1,(anonymous_7)
FNDA:1,(anonymous_8)
FNDA:0,(anonymous_9)
FNDA:0,(anonymous_10)
DA:6,1
DA:9,1
DA:10,1
DA:11,1
DA:13,1
DA:20,1
DA:22,1
DA:26,1
DA:28,0
DA:29,0
DA:32,0
DA:36,0
DA:42,1
DA:43,0
DA:44,0
DA:46,0
DA:47,0
DA:49,0
DA:50,0
DA:52,0
DA:56,0
DA:58,0
LF:22
LH:9
BRDA:6,0,0,1
BRDA:6,0,1,0
BRDA:28,1,0,0
BRDA:28,1,1,0
BRDA:47,2,0,0
BRDA:50,3,0,0
BRF:6
BRH:1
end_of_record
TN:
SF:src/controllers/book.controller.ts
FN:5,(anonymous_7)
FN:5,(anonymous_8)
FN:18,(anonymous_9)
FN:18,(anonymous_10)
FN:28,(anonymous_11)
FN:28,(anonymous_12)
FN:40,(anonymous_13)
FN:40,(anonymous_14)
FN:57,(anonymous_15)
FN:57,(anonymous_16)
FNF:10
FNH:0
FNDA:0,(anonymous_7)
FNDA:0,(anonymous_8)
FNDA:0,(anonymous_9)
FNDA:0,(anonymous_10)
FNDA:0,(anonymous_11)
FNDA:0,(anonymous_12)
FNDA:0,(anonymous_13)
FNDA:0,(anonymous_14)
FNDA:0,(anonymous_15)
FNDA:0,(anonymous_16)
DA:5,1
DA:6,0
DA:7,0
DA:8,0
DA:9,0
DA:13,0
DA:18,1
DA:19,0
DA:20,0
DA:21,0
DA:23,0
DA:28,1
DA:29,0
DA:30,0
DA:31,0
DA:32,0
DA:33,0
DA:35,0
DA:40,1
DA:41,0
DA:42,0
DA:43,0
DA:47,0
DA:48,0
DA:52,0
DA:57,1
DA:58,0
DA:59,0
DA:60,0
DA:61,0
DA:62,0
DA:66,0
LF:32
LH:5
BRDA:32,0,0,0
BRDA:47,1,0,0
BRDA:61,2,0,0
BRF:3
BRH:0
end_of_record
TN:
SF:src/controllers/user.controller.ts
FN:5,(anonymous_7)
FN:5,(anonymous_8)
FN:15,(anonymous_9)
FN:15,(anonymous_10)
FN:27,(anonymous_11)
FN:27,(anonymous_12)
FN:42,(anonymous_13)
FN:42,(anonymous_14)
FNF:8
FNH:0
FNDA:0,(anonymous_7)
FNDA:0,(anonymous_8)
FNDA:0,(anonymous_9)
FNDA:0,(anonymous_10)
FNDA:0,(anonymous_11)
FNDA:0,(anonymous_12)
FNDA:0,(anonymous_13)
FNDA:0,(anonymous_14)
DA:5,1
DA:6,0
DA:7,0
DA:8,0
DA:10,0
DA:15,1
DA:16,0
DA:17,0
DA:18,0
DA:19,0
DA:20,0
DA:22,0
DA:27,1
DA:28,0
DA:29,0
DA:30,0
DA:34,0
DA:35,0
DA:37,0
DA:42,1
DA:43,0
DA:44,0
DA:45,0
DA:46,0
DA:47,0
DA:49,0
LF:26
LH:4
BRDA:19,0,0,0
BRDA:34,1,0,0
BRDA:46,2,0,0
BRF:3
BRH:0
end_of_record
TN:
SF:src/controllers/userBook.controller.ts
FN:5,(anonymous_7)
FN:5,(anonymous_8)
FN:26,(anonymous_9)
FN:26,(anonymous_10)
FN:47,(anonymous_11)
FN:47,(anonymous_12)
FN:68,(anonymous_13)
FN:68,(anonymous_14)
FN:89,(anonymous_15)
FN:89,(anonymous_16)
FNF:10
FNH:0
FNDA:0,(anonymous_7)
FNDA:0,(anonymous_8)
FNDA:0,(anonymous_9)
FNDA:0,(anonymous_10)
FNDA:0,(anonymous_11)
FNDA:0,(anonymous_12)
FNDA:0,(anonymous_13)
FNDA:0,(anonymous_14)
FNDA:0,(anonymous_15)
FNDA:0,(anonymous_16)
DA:5,1
DA:6,0
DA:7,0
DA:10,0
DA:11,0
DA:12,0
DA:17,0
DA:18,0
DA:19,0
DA:21,0
DA:26,1
DA:27,0
DA:28,0
DA:30,0
DA:36,0
DA:37,0
DA:40,0
DA:42,0
DA:47,1
DA:48,0
DA:49,0
DA:51,0
DA:57,0
DA:58,0
DA:61,0
DA:63,0
DA:68,1
DA:69,0
DA:70,0
DA:72,0
DA:78,0
DA:79,0
DA:82,0
DA:84,0
DA:89,1
DA:90,0
DA:91,0
DA:93,0
DA:94,0
DA:96,0
LF:40
LH:5
BRDA:11,0,0,0
BRDA:36,1,0,0
BRDA:57,2,0,0
BRDA:78,3,0,0
BRF:4
BRH:0
end_of_record
TN:
SF:src/middlewares/auth.middleware.ts
FN:12,(anonymous_0)
FNF:1
FNH:0
FNDA:0,(anonymous_0)
DA:4,1
DA:12,1
DA:17,0
DA:19,0
DA:20,0
DA:23,0
DA:24,0
DA:25,0
DA:26,0
DA:28,0
LF:10
LH:2
BRDA:4,0,0,1
BRDA:4,0,1,0
BRDA:17,1,0,0
BRDA:17,1,1,0
BRDA:17,2,0,0
BRDA:17,2,1,0
BRDA:19,3,0,0
BRF:7
BRH:1
end_of_record
TN:
SF:src/middlewares/errorHandler.ts
FN:3,(anonymous_0)
FNF:1
FNH:0
FNDA:0,(anonymous_0)
DA:3,1
DA:9,0
DA:10,0
LF:3
LH:1
BRDA:10,0,0,0
BRDA:10,0,1,0
BRF:2
BRH:0
end_of_record
TN:
SF:src/middlewares/validateRequest.middleware.ts
FN:4,(anonymous_0)
FNF:1
FNH:1
FNDA:1,(anonymous_0)
DA:4,1
DA:9,1
DA:10,1
DA:11,0
DA:13,1
LF:5
LH:4
BRDA:10,0,0,0
BRF:1
BRH:0
end_of_record
TN:
SF:src/models/UserBook.ts
FNF:0
FNH:0
DA:11,1
DA:39,1
DA:41,1
LF:3
LH:3
BRF:0
BRH:0
end_of_record
TN:
SF:src/models/book.ts
FN:52,(anonymous_0)
FNF:1
FNH:0
FNDA:0,(anonymous_0)
DA:14,1
DA:53,0
DA:59,0
DA:67,1
DA:69,1
LF:5
LH:3
BRDA:53,0,0,0
BRF:1
BRH:0
end_of_record
TN:
SF:src/models/progress.ts
FNF:0
FNH:0
DA:11,0
LF:1
LH:0
BRF:0
BRH:0
end_of_record
TN:
SF:src/models/user.ts
FN:31,(anonymous_7)
FN:40,(anonymous_8)
FN:45,(anonymous_9)
FN:65,(anonymous_10)
FN:72,(anonymous_12)
FNF:5
FNH:4
FNDA:1,(anonymous_7)
FNDA:1,(anonymous_8)
FNDA:1,(anonymous_9)
FNDA:1,(anonymous_10)
FNDA:0,(anonymous_12)
DA:14,1
DA:32,1
DA:33,0
DA:41,1
DA:42,0
DA:45,1
DA:46,1
DA:47,0
DA:63,1
DA:65,1
DA:66,1
DA:67,1
DA:68,1
DA:69,1
DA:72,1
DA:75,0
DA:78,1
LF:17
LH:13
BRDA:32,0,0,0
BRDA:41,1,0,0
BRDA:46,2,0,0
BRDA:66,3,0,0
BRF:4
BRH:0
end_of_record
TN:
SF:src/routers/auth.routes.ts
FNF:0
FNH:0
DA:6,1
DA:8,1
DA:25,1
LF:3
LH:3
BRF:0
BRH:0
end_of_record
TN:
SF:src/routers/book.routes.ts
FNF:0
FNH:0
DA:88,1
DA:91,1
DA:94,1
DA:97,1
DA:100,1
DA:103,1
LF:6
LH:6
BRF:0
BRH:0
end_of_record
TN:
SF:src/routers/genres.routes.ts
FN:8,(anonymous_0)
FNF:1
FNH:0
FNDA:0,(anonymous_0)
DA:4,1
DA:6,1
DA:8,1
DA:9,0
LF:4
LH:3
BRF:0
BRH:0
end_of_record
TN:
SF:src/routers/user.routes.ts
FNF:0
FNH:0
DA:86,1
DA:89,1
DA:92,1
DA:95,1
DA:98,1
LF:5
LH:5
BRF:0
BRH:0
end_of_record
TN:
SF:src/routers/userBooks.routes.ts
FNF:0
FNH:0
DA:11,1
DA:14,1
DA:17,1
DA:20,1
DA:23,1
DA:26,1
LF:6
LH:6
BRF:0
BRH:0
end_of_record
